2019-12-09 13:47:20,147 [ERROR] from com.jpro.internal.server.ViewSerializerActor in JavaFX Application Thread - JavaFXStreamer - got Exception: 
java.lang.ClassNotFoundException: com.jpro.application.Main
	at java.net.URLClassLoader.findClass(URLClassLoader.java:382)
	at java.lang.ClassLoader.loadClass(ClassLoader.java:418)
	at sun.misc.Launcher$AppClassLoader.loadClass(Launcher.java:355)
	at java.lang.ClassLoader.loadClass(ClassLoader.java:351)
	at simplefx.util.ReflectionUtil.loadClass(ReflectionUtil.scala:38)
	at simplefx.util.ReflectionUtil.callNew(ReflectionUtil.scala:103)
	at com.jpro.internal.config.ApplicationStarter$.startApplication(ApplicationStarter.scala:111)
	at com.jpro.internal.config.ApplicationStarter$.requestApplication(ApplicationStarter.scala:97)
	at com.jpro.internal.config.ApplicationStarter$.getApplication(ApplicationStarter.scala:63)
	at com.jpro.internal.communicator.ViewImpl.<init>(ViewImpl.scala:29)
	at com.jpro.internal.server.ViewByActor.<init>(ViewSerializerActor.scala:81)
	at com.jpro.internal.server.ViewSerializerActor$$anonfun$receive$1$$anonfun$applyOrElse$1.$anonfun$applyOrElse$2(ViewSerializerActor.scala:49)
	at scala.runtime.java8.JFunction0$mcV$sp.apply(JFunction0$mcV$sp.java:23)
	at simplefx.util.Predef$.$anonfun$runInAndBlock$1(Predef.scala:184)
	at scala.runtime.java8.JFunction0$mcV$sp.apply(JFunction0$mcV$sp.java:23)
	at simplefx.cores.standard.parts.CoreTimeEvent.$anonfun$runAsAnimation$1(CoreTimeEvent.scala:64)
	at simplefx.cores.standard.parts.CoreTimeEvent$$anon$2.handle(CoreTimeEvent.scala:46)
	at javafx.animation.AnimationTimer$AnimationTimerReceiver.lambda$handle$0(AnimationTimer.java:57)
	at java.security.AccessController.doPrivileged(Native Method)
	at javafx.animation.AnimationTimer$AnimationTimerReceiver.handle(AnimationTimer.java:56)
	at com.sun.scenario.animation.AbstractMasterTimer.timePulseImpl(AbstractMasterTimer.java:357)
	at com.sun.scenario.animation.AbstractMasterTimer$MainLoop.run(AbstractMasterTimer.java:267)
	at com.sun.javafx.tk.quantum.QuantumToolkit.pulse(QuantumToolkit.java:557)
	at com.sun.javafx.tk.quantum.QuantumToolkit.pulse(QuantumToolkit.java:541)
	at com.sun.javafx.tk.quantum.QuantumToolkit.pulseFromQueue(QuantumToolkit.java:534)
	at com.sun.javafx.tk.quantum.QuantumToolkit.lambda$runToolkit$11(QuantumToolkit.java:340)
	at com.sun.glass.ui.monocle.RunnableProcessor.runLoop(RunnableProcessor.java:92)
	at com.sun.glass.ui.monocle.RunnableProcessor.run(RunnableProcessor.java:51)
	at java.lang.Thread.run(Thread.java:748)
2019-12-09 13:48:30,557 [ERROR] from com.jpro.internal.server.ViewSerializerActor in JavaFX Application Thread - JavaFXStreamer - got Exception: 
java.lang.ClassNotFoundException: com.jpro.application.Main
	at java.net.URLClassLoader.findClass(URLClassLoader.java:382)
	at java.lang.ClassLoader.loadClass(ClassLoader.java:418)
	at sun.misc.Launcher$AppClassLoader.loadClass(Launcher.java:355)
	at java.lang.ClassLoader.loadClass(ClassLoader.java:351)
	at simplefx.util.ReflectionUtil.loadClass(ReflectionUtil.scala:38)
	at simplefx.util.ReflectionUtil.callNew(ReflectionUtil.scala:103)
	at com.jpro.internal.config.ApplicationStarter$.startApplication(ApplicationStarter.scala:111)
	at com.jpro.internal.config.ApplicationStarter$.requestApplication(ApplicationStarter.scala:97)
	at com.jpro.internal.config.ApplicationStarter$.getApplication(ApplicationStarter.scala:63)
	at com.jpro.internal.communicator.ViewImpl.<init>(ViewImpl.scala:29)
	at com.jpro.internal.server.ViewByActor.<init>(ViewSerializerActor.scala:81)
	at com.jpro.internal.server.ViewSerializerActor$$anonfun$receive$1$$anonfun$applyOrElse$1.$anonfun$applyOrElse$2(ViewSerializerActor.scala:49)
	at scala.runtime.java8.JFunction0$mcV$sp.apply(JFunction0$mcV$sp.java:23)
	at simplefx.util.Predef$.$anonfun$runInAndBlock$1(Predef.scala:184)
	at scala.runtime.java8.JFunction0$mcV$sp.apply(JFunction0$mcV$sp.java:23)
	at simplefx.cores.standard.parts.CoreTimeEvent.$anonfun$runAsAnimation$1(CoreTimeEvent.scala:64)
	at simplefx.cores.standard.parts.CoreTimeEvent$$anon$2.handle(CoreTimeEvent.scala:46)
	at javafx.animation.AnimationTimer$AnimationTimerReceiver.lambda$handle$0(AnimationTimer.java:57)
	at java.security.AccessController.doPrivileged(Native Method)
	at javafx.animation.AnimationTimer$AnimationTimerReceiver.handle(AnimationTimer.java:56)
	at com.sun.scenario.animation.AbstractMasterTimer.timePulseImpl(AbstractMasterTimer.java:357)
	at com.sun.scenario.animation.AbstractMasterTimer$MainLoop.run(AbstractMasterTimer.java:267)
	at com.sun.javafx.tk.quantum.QuantumToolkit.pulse(QuantumToolkit.java:557)
	at com.sun.javafx.tk.quantum.QuantumToolkit.pulse(QuantumToolkit.java:541)
	at com.sun.javafx.tk.quantum.QuantumToolkit.pulseFromQueue(QuantumToolkit.java:534)
	at com.sun.javafx.tk.quantum.QuantumToolkit.lambda$runToolkit$11(QuantumToolkit.java:340)
	at com.sun.glass.ui.monocle.RunnableProcessor.runLoop(RunnableProcessor.java:92)
	at com.sun.glass.ui.monocle.RunnableProcessor.run(RunnableProcessor.java:51)
	at java.lang.Thread.run(Thread.java:748)
2019-12-09 13:49:30,357 [ERROR] from com.jpro.internal.communicator.InstanceImpl in JavaFX Application Thread - Error while starting application: 
java.lang.NullPointerException: null
	at application.Main.start(Main.java:60)
	at com.jpro.internal.config.ApplicationStarter$.$anonfun$startJApplication$1(ApplicationStarter.scala:133)
	at com.jpro.internal.config.ApplicationStarter$.$anonfun$startJApplication$1$adapted(ApplicationStarter.scala:131)
	at com.jpro.internal.communicator.InstanceImpl.start(InstanceImpl.scala:31)
	at com.jpro.internal.communicator.InstanceImpl.$anonfun$new$2(InstanceImpl.scala:25)
	at scala.runtime.java8.JFunction0$mcV$sp.apply(JFunction0$mcV$sp.java:23)
	at simplefx.cores.standard.parts.CoreTimeEvent.$anonfun$runWhenever$2(CoreTimeEvent.scala:133)
	at simplefx.cores.standard.parts.CoreTimeEvent.$anonfun$runWhenever$2$adapted(CoreTimeEvent.scala:133)
	at simplefx.cores.standard.parts.CoreTypesBindable$BindableImpl.$anonfun$triggerOnChange$3(CoreTypesBindable.scala:208)
	at simplefx.cores.standard.parts.CoreScheduler.runSchedulerImpl(CoreScheduler.scala:73)
	at simplefx.cores.standard.parts.CoreScheduler.runSchedulerImpl$(CoreScheduler.scala:52)
	at simplefx.cores.standard.Core.runSchedulerImpl(Core.scala:9)
	at simplefx.cores.standard.parts.CoreScheduler.tryStartSchedulerStop(CoreScheduler.scala:44)
	at simplefx.cores.standard.parts.CoreScheduler.tryStartSchedulerStop$(CoreScheduler.scala:42)
	at simplefx.cores.standard.Core.tryStartSchedulerStop(Core.scala:9)
	at simplefx.cores.interfaces.parts.CoreTypesEvent$IEventEmitter.emit(CoreTypesEvent.scala:64)
	at simplefx.cores.interfaces.parts.CoreTypesEvent$IEventEmitter.emit$(CoreTypesEvent.scala:64)
	at simplefx.cores.standard.parts.CoreTypesBindable$BindableImpl.emit(CoreTypesBindable.scala:24)
	at simplefx.cores.interfaces.parts.CoreTypesEvent$IEventEmitter.emit$mcZ$sp(CoreTypesEvent.scala:64)
	at simplefx.cores.interfaces.parts.CoreTypesEvent$IEventEmitter.emit$mcZ$sp$(CoreTypesEvent.scala:64)
	at simplefx.cores.standard.parts.CoreTypesBindable$BindableImpl.emit$mcZ$sp(CoreTypesBindable.scala:24)
	at simplefx.cores.standard.parts.CoreTypesBindable$BindableImpl$mcZ$sp.setValue$mcZ$sp(CoreTypesBindable.scala:103)
	at simplefx.cores.standard.parts.CoreTypesBindable$BindableImpl$mcZ$sp.setValue$mcZ$sp(CoreTypesBindable.scala:88)
	at simplefx.cores.standard.parts.CoreTypesBindable$BindableImpl$mcZ$sp.setValue(CoreTypesBindable.scala:88)
	at simplefx.cores.standard.parts.CoreTypesBindable$BindableImpl$mcZ$sp.setValue(CoreTypesBindable.scala:24)
	at simplefx.cores.interfaces.parts.CoreTypesBindable$ISOBindable.set(CoreTypesBindable.scala:161)
	at simplefx.cores.interfaces.parts.CoreTypesBindable$ISOBindable.set$(CoreTypesBindable.scala:161)
	at simplefx.cores.standard.parts.CoreTypesBindable$BindableImpl.set(CoreTypesBindable.scala:24)
	at simplefx.cores.interfaces.parts.CoreTypesBindable$ISOBindable.set$mcZ$sp(CoreTypesBindable.scala:161)
	at simplefx.cores.interfaces.parts.CoreTypesBindable$ISOBindable.set$mcZ$sp$(CoreTypesBindable.scala:161)
	at simplefx.cores.standard.parts.CoreTypesBindable$BindableImpl.set$mcZ$sp(CoreTypesBindable.scala:24)
	at com.jpro.internal.stats.ViewInfo.active_$eq(ViewInfo.scala:35)
	at com.jpro.internal.stats.ViewInfo.active_$eq$(ViewInfo.scala:35)
	at com.jpro.internal.communicator.ViewImpl.active_$eq(ViewImpl.scala:25)
	at com.jpro.internal.communicator.ViewImpl.<init>(ViewImpl.scala:53)
	at com.jpro.internal.communicator.ViewImpl.<init>(ViewImpl.scala:29)
	at com.jpro.internal.server.ViewByActor.<init>(ViewSerializerActor.scala:81)
	at com.jpro.internal.server.ViewSerializerActor$$anonfun$receive$1$$anonfun$applyOrElse$1.$anonfun$applyOrElse$2(ViewSerializerActor.scala:49)
	at scala.runtime.java8.JFunction0$mcV$sp.apply(JFunction0$mcV$sp.java:23)
	at simplefx.util.Predef$.$anonfun$runInAndBlock$1(Predef.scala:184)
	at scala.runtime.java8.JFunction0$mcV$sp.apply(JFunction0$mcV$sp.java:23)
	at simplefx.cores.standard.parts.CoreTimeEvent.$anonfun$runAsAnimation$1(CoreTimeEvent.scala:64)
	at simplefx.cores.standard.parts.CoreTimeEvent$$anon$2.handle(CoreTimeEvent.scala:46)
	at javafx.animation.AnimationTimer$AnimationTimerReceiver.lambda$handle$0(AnimationTimer.java:57)
	at java.security.AccessController.doPrivileged(Native Method)
	at javafx.animation.AnimationTimer$AnimationTimerReceiver.handle(AnimationTimer.java:56)
	at com.sun.scenario.animation.AbstractMasterTimer.timePulseImpl(AbstractMasterTimer.java:357)
	at com.sun.scenario.animation.AbstractMasterTimer$MainLoop.run(AbstractMasterTimer.java:267)
	at com.sun.javafx.tk.quantum.QuantumToolkit.pulse(QuantumToolkit.java:557)
	at com.sun.javafx.tk.quantum.QuantumToolkit.pulse(QuantumToolkit.java:541)
	at com.sun.javafx.tk.quantum.QuantumToolkit.pulseFromQueue(QuantumToolkit.java:534)
	at com.sun.javafx.tk.quantum.QuantumToolkit.lambda$runToolkit$11(QuantumToolkit.java:340)
	at com.sun.glass.ui.monocle.RunnableProcessor.runLoop(RunnableProcessor.java:92)
	at com.sun.glass.ui.monocle.RunnableProcessor.run(RunnableProcessor.java:51)
	at java.lang.Thread.run(Thread.java:748)
2019-12-09 13:49:30,357 [WARN] from com.jpro.internal.communicator.InstanceImpl in JavaFX Application Thread - Application didn't show the stage. JPro is now calling show()
2019-12-09 13:49:30,373 [ERROR] from com.jpro.internal.server.ViewSerializerActor in JavaFX Application Thread - JavaFXStreamer - got Exception: 
java.lang.NullPointerException: null
	at simplefx.util.ReflectionUtil$UseReflection.applyDynamic(ReflectionUtil.scala:18)
	at com.jpro.internal.communicator.ViewImpl.<init>(ViewImpl.scala:87)
	at com.jpro.internal.communicator.ViewImpl.<init>(ViewImpl.scala:29)
	at com.jpro.internal.server.ViewByActor.<init>(ViewSerializerActor.scala:81)
	at com.jpro.internal.server.ViewSerializerActor$$anonfun$receive$1$$anonfun$applyOrElse$1.$anonfun$applyOrElse$2(ViewSerializerActor.scala:49)
	at scala.runtime.java8.JFunction0$mcV$sp.apply(JFunction0$mcV$sp.java:23)
	at simplefx.util.Predef$.$anonfun$runInAndBlock$1(Predef.scala:184)
	at scala.runtime.java8.JFunction0$mcV$sp.apply(JFunction0$mcV$sp.java:23)
	at simplefx.cores.standard.parts.CoreTimeEvent.$anonfun$runAsAnimation$1(CoreTimeEvent.scala:64)
	at simplefx.cores.standard.parts.CoreTimeEvent$$anon$2.handle(CoreTimeEvent.scala:46)
	at javafx.animation.AnimationTimer$AnimationTimerReceiver.lambda$handle$0(AnimationTimer.java:57)
	at java.security.AccessController.doPrivileged(Native Method)
	at javafx.animation.AnimationTimer$AnimationTimerReceiver.handle(AnimationTimer.java:56)
	at com.sun.scenario.animation.AbstractMasterTimer.timePulseImpl(AbstractMasterTimer.java:357)
	at com.sun.scenario.animation.AbstractMasterTimer$MainLoop.run(AbstractMasterTimer.java:267)
	at com.sun.javafx.tk.quantum.QuantumToolkit.pulse(QuantumToolkit.java:557)
	at com.sun.javafx.tk.quantum.QuantumToolkit.pulse(QuantumToolkit.java:541)
	at com.sun.javafx.tk.quantum.QuantumToolkit.pulseFromQueue(QuantumToolkit.java:534)
	at com.sun.javafx.tk.quantum.QuantumToolkit.lambda$runToolkit$11(QuantumToolkit.java:340)
	at com.sun.glass.ui.monocle.RunnableProcessor.runLoop(RunnableProcessor.java:92)
	at com.sun.glass.ui.monocle.RunnableProcessor.run(RunnableProcessor.java:51)
	at java.lang.Thread.run(Thread.java:748)
2019-12-09 13:51:31,211 [ERROR] from com.jpro.internal.communicator.InstanceImpl in JavaFX Application Thread - Error while starting application: 
java.lang.NullPointerException: null
	at application.Main.start(Main.java:60)
	at com.jpro.internal.config.ApplicationStarter$.$anonfun$startJApplication$1(ApplicationStarter.scala:133)
	at com.jpro.internal.config.ApplicationStarter$.$anonfun$startJApplication$1$adapted(ApplicationStarter.scala:131)
	at com.jpro.internal.communicator.InstanceImpl.start(InstanceImpl.scala:31)
	at com.jpro.internal.communicator.InstanceImpl.$anonfun$new$2(InstanceImpl.scala:25)
	at scala.runtime.java8.JFunction0$mcV$sp.apply(JFunction0$mcV$sp.java:23)
	at simplefx.cores.standard.parts.CoreTimeEvent.$anonfun$runWhenever$2(CoreTimeEvent.scala:133)
	at simplefx.cores.standard.parts.CoreTimeEvent.$anonfun$runWhenever$2$adapted(CoreTimeEvent.scala:133)
	at simplefx.cores.standard.parts.CoreTypesBindable$BindableImpl.$anonfun$triggerOnChange$3(CoreTypesBindable.scala:208)
	at simplefx.cores.standard.parts.CoreScheduler.runSchedulerImpl(CoreScheduler.scala:73)
	at simplefx.cores.standard.parts.CoreScheduler.runSchedulerImpl$(CoreScheduler.scala:52)
	at simplefx.cores.standard.Core.runSchedulerImpl(Core.scala:9)
	at simplefx.cores.standard.parts.CoreScheduler.tryStartSchedulerStop(CoreScheduler.scala:44)
	at simplefx.cores.standard.parts.CoreScheduler.tryStartSchedulerStop$(CoreScheduler.scala:42)
	at simplefx.cores.standard.Core.tryStartSchedulerStop(Core.scala:9)
	at simplefx.cores.interfaces.parts.CoreTypesEvent$IEventEmitter.emit(CoreTypesEvent.scala:64)
	at simplefx.cores.interfaces.parts.CoreTypesEvent$IEventEmitter.emit$(CoreTypesEvent.scala:64)
	at simplefx.cores.standard.parts.CoreTypesBindable$BindableImpl.emit(CoreTypesBindable.scala:24)
	at simplefx.cores.interfaces.parts.CoreTypesEvent$IEventEmitter.emit$mcZ$sp(CoreTypesEvent.scala:64)
	at simplefx.cores.interfaces.parts.CoreTypesEvent$IEventEmitter.emit$mcZ$sp$(CoreTypesEvent.scala:64)
	at simplefx.cores.standard.parts.CoreTypesBindable$BindableImpl.emit$mcZ$sp(CoreTypesBindable.scala:24)
	at simplefx.cores.standard.parts.CoreTypesBindable$BindableImpl$mcZ$sp.setValue$mcZ$sp(CoreTypesBindable.scala:103)
	at simplefx.cores.standard.parts.CoreTypesBindable$BindableImpl$mcZ$sp.setValue$mcZ$sp(CoreTypesBindable.scala:88)
	at simplefx.cores.standard.parts.CoreTypesBindable$BindableImpl$mcZ$sp.setValue(CoreTypesBindable.scala:88)
	at simplefx.cores.standard.parts.CoreTypesBindable$BindableImpl$mcZ$sp.setValue(CoreTypesBindable.scala:24)
	at simplefx.cores.interfaces.parts.CoreTypesBindable$ISOBindable.set(CoreTypesBindable.scala:161)
	at simplefx.cores.interfaces.parts.CoreTypesBindable$ISOBindable.set$(CoreTypesBindable.scala:161)
	at simplefx.cores.standard.parts.CoreTypesBindable$BindableImpl.set(CoreTypesBindable.scala:24)
	at simplefx.cores.interfaces.parts.CoreTypesBindable$ISOBindable.set$mcZ$sp(CoreTypesBindable.scala:161)
	at simplefx.cores.interfaces.parts.CoreTypesBindable$ISOBindable.set$mcZ$sp$(CoreTypesBindable.scala:161)
	at simplefx.cores.standard.parts.CoreTypesBindable$BindableImpl.set$mcZ$sp(CoreTypesBindable.scala:24)
	at com.jpro.internal.stats.ViewInfo.active_$eq(ViewInfo.scala:35)
	at com.jpro.internal.stats.ViewInfo.active_$eq$(ViewInfo.scala:35)
	at com.jpro.internal.communicator.ViewImpl.active_$eq(ViewImpl.scala:25)
	at com.jpro.internal.communicator.ViewImpl.<init>(ViewImpl.scala:53)
	at com.jpro.internal.communicator.ViewImpl.<init>(ViewImpl.scala:29)
	at com.jpro.internal.server.ViewByActor.<init>(ViewSerializerActor.scala:81)
	at com.jpro.internal.server.ViewSerializerActor$$anonfun$receive$1$$anonfun$applyOrElse$1.$anonfun$applyOrElse$2(ViewSerializerActor.scala:49)
	at scala.runtime.java8.JFunction0$mcV$sp.apply(JFunction0$mcV$sp.java:23)
	at simplefx.util.Predef$.$anonfun$runInAndBlock$1(Predef.scala:184)
	at scala.runtime.java8.JFunction0$mcV$sp.apply(JFunction0$mcV$sp.java:23)
	at simplefx.cores.standard.parts.CoreTimeEvent.$anonfun$runAsAnimation$1(CoreTimeEvent.scala:64)
	at simplefx.cores.standard.parts.CoreTimeEvent$$anon$2.handle(CoreTimeEvent.scala:46)
	at javafx.animation.AnimationTimer$AnimationTimerReceiver.lambda$handle$0(AnimationTimer.java:57)
	at java.security.AccessController.doPrivileged(Native Method)
	at javafx.animation.AnimationTimer$AnimationTimerReceiver.handle(AnimationTimer.java:56)
	at com.sun.scenario.animation.AbstractMasterTimer.timePulseImpl(AbstractMasterTimer.java:357)
	at com.sun.scenario.animation.AbstractMasterTimer$MainLoop.run(AbstractMasterTimer.java:267)
	at com.sun.javafx.tk.quantum.QuantumToolkit.pulse(QuantumToolkit.java:557)
	at com.sun.javafx.tk.quantum.QuantumToolkit.pulse(QuantumToolkit.java:541)
	at com.sun.javafx.tk.quantum.QuantumToolkit.pulseFromQueue(QuantumToolkit.java:534)
	at com.sun.javafx.tk.quantum.QuantumToolkit.lambda$runToolkit$11(QuantumToolkit.java:340)
	at com.sun.glass.ui.monocle.RunnableProcessor.runLoop(RunnableProcessor.java:92)
	at com.sun.glass.ui.monocle.RunnableProcessor.run(RunnableProcessor.java:51)
	at java.lang.Thread.run(Thread.java:748)
2019-12-09 13:51:31,211 [WARN] from com.jpro.internal.communicator.InstanceImpl in JavaFX Application Thread - Application didn't show the stage. JPro is now calling show()
2019-12-09 13:51:31,226 [ERROR] from com.jpro.internal.server.ViewSerializerActor in JavaFX Application Thread - JavaFXStreamer - got Exception: 
java.lang.NullPointerException: null
	at simplefx.util.ReflectionUtil$UseReflection.applyDynamic(ReflectionUtil.scala:18)
	at com.jpro.internal.communicator.ViewImpl.<init>(ViewImpl.scala:87)
	at com.jpro.internal.communicator.ViewImpl.<init>(ViewImpl.scala:29)
	at com.jpro.internal.server.ViewByActor.<init>(ViewSerializerActor.scala:81)
	at com.jpro.internal.server.ViewSerializerActor$$anonfun$receive$1$$anonfun$applyOrElse$1.$anonfun$applyOrElse$2(ViewSerializerActor.scala:49)
	at scala.runtime.java8.JFunction0$mcV$sp.apply(JFunction0$mcV$sp.java:23)
	at simplefx.util.Predef$.$anonfun$runInAndBlock$1(Predef.scala:184)
	at scala.runtime.java8.JFunction0$mcV$sp.apply(JFunction0$mcV$sp.java:23)
	at simplefx.cores.standard.parts.CoreTimeEvent.$anonfun$runAsAnimation$1(CoreTimeEvent.scala:64)
	at simplefx.cores.standard.parts.CoreTimeEvent$$anon$2.handle(CoreTimeEvent.scala:46)
	at javafx.animation.AnimationTimer$AnimationTimerReceiver.lambda$handle$0(AnimationTimer.java:57)
	at java.security.AccessController.doPrivileged(Native Method)
	at javafx.animation.AnimationTimer$AnimationTimerReceiver.handle(AnimationTimer.java:56)
	at com.sun.scenario.animation.AbstractMasterTimer.timePulseImpl(AbstractMasterTimer.java:357)
	at com.sun.scenario.animation.AbstractMasterTimer$MainLoop.run(AbstractMasterTimer.java:267)
	at com.sun.javafx.tk.quantum.QuantumToolkit.pulse(QuantumToolkit.java:557)
	at com.sun.javafx.tk.quantum.QuantumToolkit.pulse(QuantumToolkit.java:541)
	at com.sun.javafx.tk.quantum.QuantumToolkit.pulseFromQueue(QuantumToolkit.java:534)
	at com.sun.javafx.tk.quantum.QuantumToolkit.lambda$runToolkit$11(QuantumToolkit.java:340)
	at com.sun.glass.ui.monocle.RunnableProcessor.runLoop(RunnableProcessor.java:92)
	at com.sun.glass.ui.monocle.RunnableProcessor.run(RunnableProcessor.java:51)
	at java.lang.Thread.run(Thread.java:748)
2019-12-09 13:52:06,203 [ERROR] from com.jpro.internal.communicator.InstanceImpl in JavaFX Application Thread - Error while starting application: 
java.lang.NullPointerException: null
	at application.Main.start(Main.java:61)
	at com.jpro.internal.config.ApplicationStarter$.$anonfun$startJApplication$1(ApplicationStarter.scala:133)
	at com.jpro.internal.config.ApplicationStarter$.$anonfun$startJApplication$1$adapted(ApplicationStarter.scala:131)
	at com.jpro.internal.communicator.InstanceImpl.start(InstanceImpl.scala:31)
	at com.jpro.internal.communicator.InstanceImpl.$anonfun$new$2(InstanceImpl.scala:25)
	at scala.runtime.java8.JFunction0$mcV$sp.apply(JFunction0$mcV$sp.java:23)
	at simplefx.cores.standard.parts.CoreTimeEvent.$anonfun$runWhenever$2(CoreTimeEvent.scala:133)
	at simplefx.cores.standard.parts.CoreTimeEvent.$anonfun$runWhenever$2$adapted(CoreTimeEvent.scala:133)
	at simplefx.cores.standard.parts.CoreTypesBindable$BindableImpl.$anonfun$triggerOnChange$3(CoreTypesBindable.scala:208)
	at simplefx.cores.standard.parts.CoreScheduler.runSchedulerImpl(CoreScheduler.scala:73)
	at simplefx.cores.standard.parts.CoreScheduler.runSchedulerImpl$(CoreScheduler.scala:52)
	at simplefx.cores.standard.Core.runSchedulerImpl(Core.scala:9)
	at simplefx.cores.standard.parts.CoreScheduler.tryStartSchedulerStop(CoreScheduler.scala:44)
	at simplefx.cores.standard.parts.CoreScheduler.tryStartSchedulerStop$(CoreScheduler.scala:42)
	at simplefx.cores.standard.Core.tryStartSchedulerStop(Core.scala:9)
	at simplefx.cores.interfaces.parts.CoreTypesEvent$IEventEmitter.emit(CoreTypesEvent.scala:64)
	at simplefx.cores.interfaces.parts.CoreTypesEvent$IEventEmitter.emit$(CoreTypesEvent.scala:64)
	at simplefx.cores.standard.parts.CoreTypesBindable$BindableImpl.emit(CoreTypesBindable.scala:24)
	at simplefx.cores.interfaces.parts.CoreTypesEvent$IEventEmitter.emit$mcZ$sp(CoreTypesEvent.scala:64)
	at simplefx.cores.interfaces.parts.CoreTypesEvent$IEventEmitter.emit$mcZ$sp$(CoreTypesEvent.scala:64)
	at simplefx.cores.standard.parts.CoreTypesBindable$BindableImpl.emit$mcZ$sp(CoreTypesBindable.scala:24)
	at simplefx.cores.standard.parts.CoreTypesBindable$BindableImpl$mcZ$sp.setValue$mcZ$sp(CoreTypesBindable.scala:103)
	at simplefx.cores.standard.parts.CoreTypesBindable$BindableImpl$mcZ$sp.setValue$mcZ$sp(CoreTypesBindable.scala:88)
	at simplefx.cores.standard.parts.CoreTypesBindable$BindableImpl$mcZ$sp.setValue(CoreTypesBindable.scala:88)
	at simplefx.cores.standard.parts.CoreTypesBindable$BindableImpl$mcZ$sp.setValue(CoreTypesBindable.scala:24)
	at simplefx.cores.interfaces.parts.CoreTypesBindable$ISOBindable.set(CoreTypesBindable.scala:161)
	at simplefx.cores.interfaces.parts.CoreTypesBindable$ISOBindable.set$(CoreTypesBindable.scala:161)
	at simplefx.cores.standard.parts.CoreTypesBindable$BindableImpl.set(CoreTypesBindable.scala:24)
	at simplefx.cores.interfaces.parts.CoreTypesBindable$ISOBindable.set$mcZ$sp(CoreTypesBindable.scala:161)
	at simplefx.cores.interfaces.parts.CoreTypesBindable$ISOBindable.set$mcZ$sp$(CoreTypesBindable.scala:161)
	at simplefx.cores.standard.parts.CoreTypesBindable$BindableImpl.set$mcZ$sp(CoreTypesBindable.scala:24)
	at com.jpro.internal.stats.ViewInfo.active_$eq(ViewInfo.scala:35)
	at com.jpro.internal.stats.ViewInfo.active_$eq$(ViewInfo.scala:35)
	at com.jpro.internal.communicator.ViewImpl.active_$eq(ViewImpl.scala:25)
	at com.jpro.internal.communicator.ViewImpl.<init>(ViewImpl.scala:53)
	at com.jpro.internal.communicator.ViewImpl.<init>(ViewImpl.scala:29)
	at com.jpro.internal.server.ViewByActor.<init>(ViewSerializerActor.scala:81)
	at com.jpro.internal.server.ViewSerializerActor$$anonfun$receive$1$$anonfun$applyOrElse$1.$anonfun$applyOrElse$2(ViewSerializerActor.scala:49)
	at scala.runtime.java8.JFunction0$mcV$sp.apply(JFunction0$mcV$sp.java:23)
	at simplefx.util.Predef$.$anonfun$runInAndBlock$1(Predef.scala:184)
	at scala.runtime.java8.JFunction0$mcV$sp.apply(JFunction0$mcV$sp.java:23)
	at simplefx.cores.standard.parts.CoreTimeEvent.$anonfun$runAsAnimation$1(CoreTimeEvent.scala:64)
	at simplefx.cores.standard.parts.CoreTimeEvent$$anon$2.handle(CoreTimeEvent.scala:46)
	at javafx.animation.AnimationTimer$AnimationTimerReceiver.lambda$handle$0(AnimationTimer.java:57)
	at java.security.AccessController.doPrivileged(Native Method)
	at javafx.animation.AnimationTimer$AnimationTimerReceiver.handle(AnimationTimer.java:56)
	at com.sun.scenario.animation.AbstractMasterTimer.timePulseImpl(AbstractMasterTimer.java:357)
	at com.sun.scenario.animation.AbstractMasterTimer$MainLoop.run(AbstractMasterTimer.java:267)
	at com.sun.javafx.tk.quantum.QuantumToolkit.pulse(QuantumToolkit.java:557)
	at com.sun.javafx.tk.quantum.QuantumToolkit.pulse(QuantumToolkit.java:541)
	at com.sun.javafx.tk.quantum.QuantumToolkit.pulseFromQueue(QuantumToolkit.java:534)
	at com.sun.javafx.tk.quantum.QuantumToolkit.lambda$runToolkit$11(QuantumToolkit.java:340)
	at com.sun.glass.ui.monocle.RunnableProcessor.runLoop(RunnableProcessor.java:92)
	at com.sun.glass.ui.monocle.RunnableProcessor.run(RunnableProcessor.java:51)
	at java.lang.Thread.run(Thread.java:748)
2019-12-09 13:52:06,203 [WARN] from com.jpro.internal.communicator.InstanceImpl in JavaFX Application Thread - Application didn't show the stage. JPro is now calling show()
2019-12-09 13:52:06,219 [ERROR] from com.jpro.internal.server.ViewSerializerActor in JavaFX Application Thread - JavaFXStreamer - got Exception: 
java.lang.NullPointerException: null
	at simplefx.util.ReflectionUtil$UseReflection.applyDynamic(ReflectionUtil.scala:18)
	at com.jpro.internal.communicator.ViewImpl.<init>(ViewImpl.scala:87)
	at com.jpro.internal.communicator.ViewImpl.<init>(ViewImpl.scala:29)
	at com.jpro.internal.server.ViewByActor.<init>(ViewSerializerActor.scala:81)
	at com.jpro.internal.server.ViewSerializerActor$$anonfun$receive$1$$anonfun$applyOrElse$1.$anonfun$applyOrElse$2(ViewSerializerActor.scala:49)
	at scala.runtime.java8.JFunction0$mcV$sp.apply(JFunction0$mcV$sp.java:23)
	at simplefx.util.Predef$.$anonfun$runInAndBlock$1(Predef.scala:184)
	at scala.runtime.java8.JFunction0$mcV$sp.apply(JFunction0$mcV$sp.java:23)
	at simplefx.cores.standard.parts.CoreTimeEvent.$anonfun$runAsAnimation$1(CoreTimeEvent.scala:64)
	at simplefx.cores.standard.parts.CoreTimeEvent$$anon$2.handle(CoreTimeEvent.scala:46)
	at javafx.animation.AnimationTimer$AnimationTimerReceiver.lambda$handle$0(AnimationTimer.java:57)
	at java.security.AccessController.doPrivileged(Native Method)
	at javafx.animation.AnimationTimer$AnimationTimerReceiver.handle(AnimationTimer.java:56)
	at com.sun.scenario.animation.AbstractMasterTimer.timePulseImpl(AbstractMasterTimer.java:357)
	at com.sun.scenario.animation.AbstractMasterTimer$MainLoop.run(AbstractMasterTimer.java:267)
	at com.sun.javafx.tk.quantum.QuantumToolkit.pulse(QuantumToolkit.java:557)
	at com.sun.javafx.tk.quantum.QuantumToolkit.pulse(QuantumToolkit.java:541)
	at com.sun.javafx.tk.quantum.QuantumToolkit.pulseFromQueue(QuantumToolkit.java:534)
	at com.sun.javafx.tk.quantum.QuantumToolkit.lambda$runToolkit$11(QuantumToolkit.java:340)
	at com.sun.glass.ui.monocle.RunnableProcessor.runLoop(RunnableProcessor.java:92)
	at com.sun.glass.ui.monocle.RunnableProcessor.run(RunnableProcessor.java:51)
	at java.lang.Thread.run(Thread.java:748)
2019-12-09 13:53:17,489 [ERROR] from com.jpro.internal.communicator.InstanceImpl in JavaFX Application Thread - Error while starting application: 
java.lang.NullPointerException: null
	at application.Main.start(Main.java:61)
	at com.jpro.internal.config.ApplicationStarter$.$anonfun$startJApplication$1(ApplicationStarter.scala:133)
	at com.jpro.internal.config.ApplicationStarter$.$anonfun$startJApplication$1$adapted(ApplicationStarter.scala:131)
	at com.jpro.internal.communicator.InstanceImpl.start(InstanceImpl.scala:31)
	at com.jpro.internal.communicator.InstanceImpl.$anonfun$new$2(InstanceImpl.scala:25)
	at scala.runtime.java8.JFunction0$mcV$sp.apply(JFunction0$mcV$sp.java:23)
	at simplefx.cores.standard.parts.CoreTimeEvent.$anonfun$runWhenever$2(CoreTimeEvent.scala:133)
	at simplefx.cores.standard.parts.CoreTimeEvent.$anonfun$runWhenever$2$adapted(CoreTimeEvent.scala:133)
	at simplefx.cores.standard.parts.CoreTypesBindable$BindableImpl.$anonfun$triggerOnChange$3(CoreTypesBindable.scala:208)
	at simplefx.cores.standard.parts.CoreScheduler.runSchedulerImpl(CoreScheduler.scala:73)
	at simplefx.cores.standard.parts.CoreScheduler.runSchedulerImpl$(CoreScheduler.scala:52)
	at simplefx.cores.standard.Core.runSchedulerImpl(Core.scala:9)
	at simplefx.cores.standard.parts.CoreScheduler.tryStartSchedulerStop(CoreScheduler.scala:44)
	at simplefx.cores.standard.parts.CoreScheduler.tryStartSchedulerStop$(CoreScheduler.scala:42)
	at simplefx.cores.standard.Core.tryStartSchedulerStop(Core.scala:9)
	at simplefx.cores.interfaces.parts.CoreTypesEvent$IEventEmitter.emit(CoreTypesEvent.scala:64)
	at simplefx.cores.interfaces.parts.CoreTypesEvent$IEventEmitter.emit$(CoreTypesEvent.scala:64)
	at simplefx.cores.standard.parts.CoreTypesBindable$BindableImpl.emit(CoreTypesBindable.scala:24)
	at simplefx.cores.interfaces.parts.CoreTypesEvent$IEventEmitter.emit$mcZ$sp(CoreTypesEvent.scala:64)
	at simplefx.cores.interfaces.parts.CoreTypesEvent$IEventEmitter.emit$mcZ$sp$(CoreTypesEvent.scala:64)
	at simplefx.cores.standard.parts.CoreTypesBindable$BindableImpl.emit$mcZ$sp(CoreTypesBindable.scala:24)
	at simplefx.cores.standard.parts.CoreTypesBindable$BindableImpl$mcZ$sp.setValue$mcZ$sp(CoreTypesBindable.scala:103)
	at simplefx.cores.standard.parts.CoreTypesBindable$BindableImpl$mcZ$sp.setValue$mcZ$sp(CoreTypesBindable.scala:88)
	at simplefx.cores.standard.parts.CoreTypesBindable$BindableImpl$mcZ$sp.setValue(CoreTypesBindable.scala:88)
	at simplefx.cores.standard.parts.CoreTypesBindable$BindableImpl$mcZ$sp.setValue(CoreTypesBindable.scala:24)
	at simplefx.cores.interfaces.parts.CoreTypesBindable$ISOBindable.set(CoreTypesBindable.scala:161)
	at simplefx.cores.interfaces.parts.CoreTypesBindable$ISOBindable.set$(CoreTypesBindable.scala:161)
	at simplefx.cores.standard.parts.CoreTypesBindable$BindableImpl.set(CoreTypesBindable.scala:24)
	at simplefx.cores.interfaces.parts.CoreTypesBindable$ISOBindable.set$mcZ$sp(CoreTypesBindable.scala:161)
	at simplefx.cores.interfaces.parts.CoreTypesBindable$ISOBindable.set$mcZ$sp$(CoreTypesBindable.scala:161)
	at simplefx.cores.standard.parts.CoreTypesBindable$BindableImpl.set$mcZ$sp(CoreTypesBindable.scala:24)
	at com.jpro.internal.stats.ViewInfo.active_$eq(ViewInfo.scala:35)
	at com.jpro.internal.stats.ViewInfo.active_$eq$(ViewInfo.scala:35)
	at com.jpro.internal.communicator.ViewImpl.active_$eq(ViewImpl.scala:25)
	at com.jpro.internal.communicator.ViewImpl.<init>(ViewImpl.scala:53)
	at com.jpro.internal.communicator.ViewImpl.<init>(ViewImpl.scala:29)
	at com.jpro.internal.server.ViewByActor.<init>(ViewSerializerActor.scala:81)
	at com.jpro.internal.server.ViewSerializerActor$$anonfun$receive$1$$anonfun$applyOrElse$1.$anonfun$applyOrElse$2(ViewSerializerActor.scala:49)
	at scala.runtime.java8.JFunction0$mcV$sp.apply(JFunction0$mcV$sp.java:23)
	at simplefx.util.Predef$.$anonfun$runInAndBlock$1(Predef.scala:184)
	at scala.runtime.java8.JFunction0$mcV$sp.apply(JFunction0$mcV$sp.java:23)
	at simplefx.cores.standard.parts.CoreTimeEvent.$anonfun$runAsAnimation$1(CoreTimeEvent.scala:64)
	at simplefx.cores.standard.parts.CoreTimeEvent$$anon$2.handle(CoreTimeEvent.scala:46)
	at javafx.animation.AnimationTimer$AnimationTimerReceiver.lambda$handle$0(AnimationTimer.java:57)
	at java.security.AccessController.doPrivileged(Native Method)
	at javafx.animation.AnimationTimer$AnimationTimerReceiver.handle(AnimationTimer.java:56)
	at com.sun.scenario.animation.AbstractMasterTimer.timePulseImpl(AbstractMasterTimer.java:357)
	at com.sun.scenario.animation.AbstractMasterTimer$MainLoop.run(AbstractMasterTimer.java:267)
	at com.sun.javafx.tk.quantum.QuantumToolkit.pulse(QuantumToolkit.java:557)
	at com.sun.javafx.tk.quantum.QuantumToolkit.pulse(QuantumToolkit.java:541)
	at com.sun.javafx.tk.quantum.QuantumToolkit.pulseFromQueue(QuantumToolkit.java:534)
	at com.sun.javafx.tk.quantum.QuantumToolkit.lambda$runToolkit$11(QuantumToolkit.java:340)
	at com.sun.glass.ui.monocle.RunnableProcessor.runLoop(RunnableProcessor.java:92)
	at com.sun.glass.ui.monocle.RunnableProcessor.run(RunnableProcessor.java:51)
	at java.lang.Thread.run(Thread.java:748)
2019-12-09 13:54:43,359 [ERROR] from com.jpro.meta.tk.SceneInputListener in JavaFX Application Thread - error in process input MouseEventToken(MouseMoved,258.0,64.0,MouseButtonToken(3),false,false,false,false,false,false,false,false)
java.lang.NullPointerException: null
	at simplefx.util.ReflectionUtil$UseReflection.applyDynamic(ReflectionUtil.scala:18)
	at com.jpro.meta.tk.UtilSceneTKListener$ExtendView.view(UtilSceneTKListener.scala:24)
	at com.jpro.meta.tk.UtilSceneTKListener$ExtendView.isMonocle(UtilSceneTKListener.scala:25)
	at com.jpro.meta.tk.SceneInputListener.processInputInScene(SceneInputListener.scala:126)
	at com.jpro.meta.tk.SceneInputListener.processInput(SceneInputListener.scala:116)
	at com.jpro.meta.tk.SceneInputListener.processInputs(SceneInputListener.scala:97)
	at com.jpro.meta.tk.SceneInputListener.$anonfun$new$3(SceneInputListener.scala:38)
	at simplefx.cores.standard.parts.CoreTimeEvent.$anonfun$runAsAnimation$1(CoreTimeEvent.scala:64)
	at simplefx.cores.standard.parts.CoreTimeEvent$$anon$2.handle(CoreTimeEvent.scala:46)
	at javafx.animation.AnimationTimer$AnimationTimerReceiver.lambda$handle$0(AnimationTimer.java:57)
	at java.security.AccessController.doPrivileged(Native Method)
	at javafx.animation.AnimationTimer$AnimationTimerReceiver.handle(AnimationTimer.java:56)
	at com.sun.scenario.animation.AbstractMasterTimer.timePulseImpl(AbstractMasterTimer.java:357)
	at com.sun.scenario.animation.AbstractMasterTimer$MainLoop.run(AbstractMasterTimer.java:267)
	at com.sun.javafx.tk.quantum.QuantumToolkit.pulse(QuantumToolkit.java:557)
	at com.sun.javafx.tk.quantum.QuantumToolkit.pulse(QuantumToolkit.java:541)
	at com.sun.javafx.tk.quantum.QuantumToolkit.pulseFromQueue(QuantumToolkit.java:534)
	at com.sun.javafx.tk.quantum.QuantumToolkit.lambda$runToolkit$11(QuantumToolkit.java:340)
	at com.sun.glass.ui.monocle.RunnableProcessor.runLoop(RunnableProcessor.java:92)
	at com.sun.glass.ui.monocle.RunnableProcessor.run(RunnableProcessor.java:51)
	at java.lang.Thread.run(Thread.java:748)
